#
# There is insufficient memory for the Java Runtime Environment to continue.
# Native memory allocation (mmap) failed to map 132120576 bytes. Error detail: G1 virtual space
# Possible reasons:
#   The system is out of physical RAM or swap space
#   This process is running with CompressedOops enabled, and the Java Heap may be blocking the growth of the native heap
# Possible solutions:
#   Reduce memory load on the system
#   Increase physical memory or swap space
#   Check if swap backing store is full
#   Decrease Java heap size (-Xmx/-Xms)
#   Decrease number of Java threads
#   Decrease Java thread stack sizes (-Xss)
#   Set larger code cache with -XX:ReservedCodeCacheSize=
#   JVM is running with Unscaled Compressed Oops mode in which the Java heap is
#     placed in the first 4GB address space. The Java Heap base address is the
#     maximum limit for the native heap growth. Please use -XX:HeapBaseMinAddress
#     to set the Java Heap base and to place the Java Heap above 4GB virtual address.
# This output file may be truncated or incomplete.
#
#  Out of Memory Error (os_windows.cpp:3898), pid=38200, tid=1748
#
# JRE version:  (21.0.7+9) (build )
# Java VM: OpenJDK 64-Bit Server VM (21.0.7+9-b895.130, mixed mode, sharing, tiered, compressed oops, compressed class ptrs, g1 gc, windows-amd64)
# No core dump will be written. Minidumps are not enabled by default on client versions of Windows
#

---------------  S U M M A R Y ------------

Command Line: git4idea.http.GitAskPassApp Username for 'https://github.com': 

Host: Intel(R) Core(TM) i7-10750H CPU @ 2.60GHz, 12 cores, 7G,  Windows 11 , 64 bit Build 26100 (10.0.26100.4484)
Time: Sat Aug  2 01:32:20 2025 Sri Lanka Standard Time elapsed time: 1.355534 seconds (0d 0h 0m 1s)

---------------  T H R E A D  ---------------

Current thread (0x000001cfe9eef5c0):  JavaThread "Unknown thread" [_thread_in_vm, id=1748, stack(0x000000bd4e800000,0x000000bd4e900000) (1024K)]

Stack: [0x000000bd4e800000,0x000000bd4e900000]
Native frames: (J=compiled Java code, j=interpreted, Vv=VM code, C=native code)
V  [jvm.dll+0x6e6049]
V  [jvm.dll+0x8c4343]
V  [jvm.dll+0x8c689e]
V  [jvm.dll+0x8c6f83]
V  [jvm.dll+0x289266]
V  [jvm.dll+0x6e28c5]
V  [jvm.dll+0x6d634a]
V  [jvm.dll+0x36388b]
V  [jvm.dll+0x36b456]
V  [jvm.dll+0x3bd7e6]
V  [jvm.dll+0x3bdab8]
V  [jvm.dll+0x335fdc]
V  [jvm.dll+0x336ccb]
V  [jvm.dll+0x88b7a9]
V  [jvm.dll+0x3ca9b8]
V  [jvm.dll+0x8747f8]
V  [jvm.dll+0x45f3ce]
V  [jvm.dll+0x4610b1]
C  [jli.dll+0x52ab]
C  [ucrtbase.dll+0x37b0]
C  [KERNEL32.DLL+0x2e8d7]
C  [ntdll.dll+0x3c34c]


---------------  P R O C E S S  ---------------

Threads class SMR info:
_java_thread_list=0x00007ffc3836b148, length=0, elements={
}

Java Threads: ( => current thread )
Total: 0

Other Threads:
  0x000001cfe9f40440 WorkerThread "GC Thread#0"                     [id=35728, stack(0x000000bd4e900000,0x000000bd4ea00000) (1024K)]
  0x000001cfe9f51d30 ConcurrentGCThread "G1 Main Marker"            [id=12084, stack(0x000000bd4ea00000,0x000000bd4eb00000) (1024K)]
  0x000001cfe9f52fd0 WorkerThread "G1 Conc#0"                       [id=22952, stack(0x000000bd4eb00000,0x000000bd4ec00000) (1024K)]

[error occurred during error reporting (printing all threads), id 0xc0000005, EXCEPTION_ACCESS_VIOLATION (0xc0000005) at pc=0x00007ffc37a590b7]
VM state: not at safepoint (not fully initialized)

VM Mutex/Monitor currently owned by a thread:  ([mutex/lock_event])
[0x00007ffc383dfab8] Heap_lock - owner thread: 0x000001cfe9eef5c0

Heap address: 0x0000000082c00000, size: 2004 MB, Compressed Oops mode: 32-bit

CDS archive(s) mapped at: [0x0000000000000000-0x0000000000000000-0x0000000000000000), size 0, SharedBaseAddress: 0x0000000800000000, ArchiveRelocationMode: 1.
Narrow klass base: 0x0000000000000000, Narrow klass shift: 0, Narrow klass range: 0x0

GC Precious Log:
 CardTable entry size: 512
 Card Set container configuration: InlinePtr #cards 5 size 8 Array Of Cards #cards 12 size 40 Howl #buckets 4 coarsen threshold 1843 Howl Bitmap #cards 512 size 80 coarsen threshold 460 Card regions per heap region 1 cards per card region 2048

Heap:
 garbage-first heap   total 0K, used 0K [0x0000000082c00000, 0x0000000100000000)
  region size 1024K, 0 young (0K), 0 survivors (0K)
 Metaspace       used 0K, committed 0K, reserved 0K
  class space    used 0K, committed 0K, reserved 0K

Heap Regions: E=young(eden), S=young(survivor), O=old, HS=humongous(starts), HC=humongous(continues), CS=collection set, F=free, TAMS=top-at-mark-start, PB=parsable bottom

Card table byte_map: [0x000001cffd870000,0x000001cffdc60000] _byte_map_base: 0x000001cffd45a000

Marking Bits: (CMBitMap*) 0x000001cfe9f40b40
 Bits: [0x000001cffdc60000, 0x000001cfffbb0000)

GC Heap History (0 events):
No events

Dll operation events (1 events):
Event: 0.031 Loaded shared library D:\JetBrains\IntelliJ IDEA 2025.1.3\jbr\bin\java.dll

Deoptimization events (0 events):
No events

Classes loaded (0 events):
No events

Classes unloaded (0 events):
No events

Classes redefined (0 events):
No events

Internal exceptions (0 events):
No events

ZGC Phase Switch (0 events):
No events

VM Operations (0 events):
No events

Memory protections (0 events):
No events

Nmethod flushes (0 events):
No events

Events (0 events):
No events


Dynamic libraries:
0x00007ff6b9990000 - 0x00007ff6b999a000 	D:\JetBrains\IntelliJ IDEA 2025.1.3\jbr\bin\java.exe
0x00007ffc98ce0000 - 0x00007ffc98f48000 	C:\WINDOWS\SYSTEM32\ntdll.dll
0x00007ffc96d80000 - 0x00007ffc96e49000 	C:\WINDOWS\System32\KERNEL32.DLL
0x00007ffc95e30000 - 0x00007ffc9621d000 	C:\WINDOWS\System32\KERNELBASE.dll
0x00007ffc967b0000 - 0x00007ffc968fb000 	C:\WINDOWS\System32\ucrtbase.dll
0x00007ffc3fe90000 - 0x00007ffc3fea8000 	D:\JetBrains\IntelliJ IDEA 2025.1.3\jbr\bin\jli.dll
0x00007ffc97d60000 - 0x00007ffc97f2c000 	C:\WINDOWS\System32\USER32.dll
0x00007ffc966d0000 - 0x00007ffc966f7000 	C:\WINDOWS\System32\win32u.dll
0x00007ffc97200000 - 0x00007ffc9722b000 	C:\WINDOWS\System32\GDI32.dll
0x00007ffc96410000 - 0x00007ffc96547000 	C:\WINDOWS\System32\gdi32full.dll
0x00007ffc96700000 - 0x00007ffc967a3000 	C:\WINDOWS\System32\msvcp_win.dll
0x00007ffc95020000 - 0x00007ffc952ba000 	C:\WINDOWS\WinSxS\amd64_microsoft.windows.common-controls_6595b64144ccf1df_6.0.26100.4484_none_3e0e6d4ce32ef3b3\COMCTL32.dll
0x00007ffc973e0000 - 0x00007ffc97489000 	C:\WINDOWS\System32\msvcrt.dll
0x00007ffc85090000 - 0x00007ffc850ab000 	D:\JetBrains\IntelliJ IDEA 2025.1.3\jbr\bin\VCRUNTIME140.dll
0x00007ffc974f0000 - 0x00007ffc9751f000 	C:\WINDOWS\System32\IMM32.DLL
0x00007ffc90280000 - 0x00007ffc9028c000 	D:\JetBrains\IntelliJ IDEA 2025.1.3\jbr\bin\vcruntime140_1.dll
0x00007ffc25c80000 - 0x00007ffc25d0d000 	D:\JetBrains\IntelliJ IDEA 2025.1.3\jbr\bin\msvcp140.dll
0x00007ffc37710000 - 0x00007ffc384d1000 	D:\JetBrains\IntelliJ IDEA 2025.1.3\jbr\bin\server\jvm.dll
0x00007ffc96f20000 - 0x00007ffc96fd4000 	C:\WINDOWS\System32\ADVAPI32.dll
0x00007ffc96fe0000 - 0x00007ffc97086000 	C:\WINDOWS\System32\sechost.dll
0x00007ffc97b30000 - 0x00007ffc97c48000 	C:\WINDOWS\System32\RPCRT4.dll
0x00007ffc97180000 - 0x00007ffc971f4000 	C:\WINDOWS\System32\WS2_32.dll
0x00007ffc95c80000 - 0x00007ffc95cde000 	C:\WINDOWS\SYSTEM32\POWRPROF.dll
0x00007ffc8aff0000 - 0x00007ffc8b025000 	C:\WINDOWS\SYSTEM32\WINMM.dll
0x00007ffc8e590000 - 0x00007ffc8e59b000 	C:\WINDOWS\SYSTEM32\VERSION.dll
0x00007ffc95c60000 - 0x00007ffc95c74000 	C:\WINDOWS\SYSTEM32\UMPDC.dll
0x00007ffc942e0000 - 0x00007ffc942fb000 	C:\WINDOWS\SYSTEM32\kernel.appcore.dll
0x00007ffc85280000 - 0x00007ffc8528a000 	D:\JetBrains\IntelliJ IDEA 2025.1.3\jbr\bin\jimage.dll
0x00007ffc955e0000 - 0x00007ffc95821000 	C:\WINDOWS\SYSTEM32\DBGHELP.DLL
0x00007ffc98910000 - 0x00007ffc98c96000 	C:\WINDOWS\System32\combase.dll
0x00007ffc97090000 - 0x00007ffc97170000 	C:\WINDOWS\System32\OLEAUT32.dll
0x00007ffc954c0000 - 0x00007ffc95503000 	C:\WINDOWS\SYSTEM32\dbgcore.DLL
0x00007ffc96220000 - 0x00007ffc962b9000 	C:\WINDOWS\System32\bcryptPrimitives.dll
0x00007ffc85070000 - 0x00007ffc85090000 	D:\JetBrains\IntelliJ IDEA 2025.1.3\jbr\bin\java.dll

dbghelp: loaded successfully - version: 4.0.5 - missing functions: none
symbol engine: initialized successfully - sym options: 0x614 - pdb path: .;D:\JetBrains\IntelliJ IDEA 2025.1.3\jbr\bin;C:\WINDOWS\SYSTEM32;C:\WINDOWS\WinSxS\amd64_microsoft.windows.common-controls_6595b64144ccf1df_6.0.26100.4484_none_3e0e6d4ce32ef3b3;D:\JetBrains\IntelliJ IDEA 2025.1.3\jbr\bin\server

VM Arguments:
java_command: git4idea.http.GitAskPassApp Username for 'https://github.com': 
java_class_path (initial): D:/JetBrains/IntelliJ IDEA 2025.1.3/plugins/vcs-git/lib/git4idea-rt.jar;D:/JetBrains/IntelliJ IDEA 2025.1.3/lib/externalProcess-rt.jar
Launcher Type: SUN_STANDARD

[Global flags]
     intx CICompilerCount                          = 4                                         {product} {ergonomic}
     uint ConcGCThreads                            = 3                                         {product} {ergonomic}
     uint G1ConcRefinementThreads                  = 10                                        {product} {ergonomic}
   size_t G1HeapRegionSize                         = 1048576                                   {product} {ergonomic}
    uintx GCDrainStackTargetSize                   = 64                                        {product} {ergonomic}
   size_t InitialHeapSize                          = 132120576                                 {product} {ergonomic}
   size_t MarkStackSize                            = 4194304                                   {product} {ergonomic}
   size_t MaxHeapSize                              = 2101346304                                {product} {ergonomic}
   size_t MinHeapDeltaBytes                        = 1048576                                   {product} {ergonomic}
   size_t MinHeapSize                              = 8388608                                   {product} {ergonomic}
    uintx NonNMethodCodeHeapSize                   = 5839372                                {pd product} {ergonomic}
    uintx NonProfiledCodeHeapSize                  = 122909434                              {pd product} {ergonomic}
    uintx ProfiledCodeHeapSize                     = 122909434                              {pd product} {ergonomic}
    uintx ReservedCodeCacheSize                    = 251658240                              {pd product} {ergonomic}
     bool SegmentedCodeCache                       = true                                      {product} {ergonomic}
   size_t SoftMaxHeapSize                          = 2101346304                             {manageable} {ergonomic}
     bool UseCompressedOops                        = true                           {product lp64_product} {ergonomic}
     bool UseG1GC                                  = true                                      {product} {ergonomic}
     bool UseLargePagesIndividualAllocation        = false                                  {pd product} {ergonomic}

Logging:
Log output configuration:
 #0: stdout all=warning uptime,level,tags foldmultilines=false
 #1: stderr all=off uptime,level,tags foldmultilines=false

Environment Variables:
PATH=C:\Program Files\Git\mingw64\libexec\git-core;C:\Program Files\Git\mingw64\libexec\git-core;C:\Program Files\Git\mingw64\bin;C:\Program Files\Git\usr\bin;C:\Users\MSI LEOPARD\bin;C:\Program Files\Eclipse Adoptium\jdk-17.0.15.6-hotspot\bin;C:\Python312\Scripts;C:\Python312;C:\Program Files\Common Files\Oracle\Java\javapath;C:\Windows\system32;C:\Windows;C:\Windows\System32\Wbem;C:\Windows\System32\WindowsPowerShell\v1.0;C:\Windows\System32\OpenSSH;C:\Program Files (x86)\NVIDIA Corporation\PhysX\Common;C:\Program Files\NVIDIA Corporation\NVIDIA NvDLISR;C:\WINDOWS\system32;C:\WINDOWS;C:\WINDOWS\System32\Wbem;C:\WINDOWS\System32\WindowsPowerShell\v1.0;C:\WINDOWS\System32\OpenSSH;C:\Program Files\dotnet;C:\MinGW\bin;C:\Program Files\Docker\Docker\resources\bin;C:\Users;C:\ProgramData\chocolatey\bin;C:\ProgramData\Microsoft\Windows\Start Menu\Programs\Node.js;D:\Ballerina\bin;C:\Program Files\Git\cmd;C:\Users\MSI LEOPARD\AppData\Local\Microsoft\WindowsApps;C:\Users\MSI LEOPARD\AppData\Local\Programs\Microsoft VS Code\bin;C:\msys64\ucrt64\bin;C:\Program Files\JetBrains\CLion 2023.3.3\bin;C:\Program Files\JetBrains\IntelliJ IDEA Community Edition 2023.3.5\bin;C:\Users\MSI LEOPARD\AppData\Roaming\npm;C:\Users\MSI LEOPARD\AppData\Roaming\Microsoft\Windows\Start Menu\Programs\Python 3.13;D:\Windsurf\bin;D:\JetBrains\IntelliJ IDEA 2025.1.3\bin
USERNAME=MSI LEOPARD
DISPLAY=:0.0
LC_ALL=en_US.UTF-8
TERM=xterm-256color
TMPDIR=C:\Users\MSILEO~1\AppData\Local\Temp
OS=Windows_NT
PROCESSOR_IDENTIFIER=Intel64 Family 6 Model 165 Stepping 2, GenuineIntel
TMP=C:\Users\MSILEO~1\AppData\Local\Temp
TEMP=C:\Users\MSILEO~1\AppData\Local\Temp




Periodic native trim disabled

JNI global refs:
JNI global refs: 0, weak refs: 0

JNI global refs memory usage: 0, weak refs: 0

Process memory usage:
Resident Set Size: 12348K (0% of 8201460K total physical memory with 317268K free physical memory)

OOME stack traces (most recent first):
Classloader memory used:

---------------  S Y S T E M  ---------------

OS:
 Windows 11 , 64 bit Build 26100 (10.0.26100.4484)
OS uptime: 9 days 15:01 hours
Hyper-V role detected

CPU: total 12 (initial active 12) (6 cores per cpu, 2 threads per core) family 6 model 165 stepping 2 microcode 0xe2, cx8, cmov, fxsr, ht, mmx, 3dnowpref, sse, sse2, sse3, ssse3, sse4.1, sse4.2, popcnt, lzcnt, tsc, tscinvbit, avx, avx2, aes, erms, clmul, bmi1, bmi2, adx, fma, vzeroupper, clflush, clflushopt, hv, rdtscp, f16c
Processor Information for the first 12 processors :
  Max Mhz: 2592, Current Mhz: 2592, Mhz Limit: 2592

Memory: 4k page, system-wide physical 8009M (309M free)
TotalPageFile size 32585M (AvailPageFile size 156M)
current process WorkingSet (physical memory assigned to process): 12M, peak: 12M
current process commit charge ("private bytes"): 64M, peak: 190M

vm_info: OpenJDK 64-Bit Server VM (21.0.7+9-b895.130) for windows-amd64 JRE (21.0.7+9-b895.130), built on 2025-05-13 by "builduser" with MS VC++ 16.10 / 16.11 (VS2019)

END.
